Log file open, 11/28/20 11:34:32
LogWindows: Failed to load 'aqProf.dll' (GetLastError=126)
LogWindows: File 'aqProf.dll' does not exist
LogWindows: Failed to load 'VtuneApi.dll' (GetLastError=126)
LogWindows: File 'VtuneApi.dll' does not exist
LogWindows: Failed to load 'VtuneApi32e.dll' (GetLastError=126)
LogWindows: File 'VtuneApi32e.dll' does not exist
LogConsoleResponse: Display: Failed to find resolution value strings in scalability ini. Falling back to default.
LogInit: Display: Running engine for game: BullCowGame
LogPakFile: Registered encryption key '00000000000000000000000000000000': 0 pak files mounted, 0 remain pending
LogPlatformFile: Not using cached read wrapper
LogTaskGraph: Started task graph with 5 named threads and 23 total threads with 3 sets of task threads.
LogStats: Stats thread started at 0.348080
LogD3D11RHI: Loaded GFSDK_Aftermath_Lib.x64.dll
LogICUInternationalization: ICU TimeZone Detection - Raw Offset: -8:00, Platform Override: ''
LogPluginManager: Mounting plugin Paper2D
LogPluginManager: Mounting plugin AISupport
LogPluginManager: Mounting plugin LightPropagationVolume
LogPluginManager: Mounting plugin ActorLayerUtilities
LogPluginManager: Mounting plugin AnimationSharing
LogPluginManager: Mounting plugin CLionSourceCodeAccess
LogPluginManager: Mounting plugin CodeLiteSourceCodeAccess
LogPluginManager: Mounting plugin GitSourceControl
LogPluginManager: Mounting plugin KDevelopSourceCodeAccess
LogPluginManager: Mounting plugin NullSourceCodeAccess
LogPluginManager: Mounting plugin PerforceSourceControl
LogPluginManager: Mounting plugin SubversionSourceControl
LogPluginManager: Mounting plugin UObjectPlugin
LogPluginManager: Mounting plugin VisualStudioCodeSourceCodeAccess
LogPluginManager: Mounting plugin VisualStudioSourceCodeAccess
LogPluginManager: Mounting plugin XCodeSourceCodeAccess
LogPluginManager: Mounting plugin AssetManagerEditor
LogPluginManager: Mounting plugin CryptoKeys
LogPluginManager: Mounting plugin DataValidation
LogPluginManager: Mounting plugin FacialAnimation
LogPluginManager: Mounting plugin GameplayTagsEditor
LogPluginManager: Mounting plugin MacGraphicsSwitching
LogPluginManager: Mounting plugin MaterialAnalyzer
LogPluginManager: Mounting plugin MobileLauncherProfileWizard
LogPluginManager: Mounting plugin PluginBrowser
LogPluginManager: Mounting plugin SpeedTreeImporter
LogPluginManager: Mounting plugin DatasmithContent
LogPluginManager: Mounting plugin VariantManagerContent
LogPluginManager: Mounting plugin AlembicImporter
LogPluginManager: Mounting plugin AppleImageUtils
LogPluginManager: Mounting plugin AppleVision
LogPluginManager: Mounting plugin BackChannel
LogPluginManager: Mounting plugin CharacterAI
LogPluginManager: Mounting plugin GeometryCache
LogPluginManager: Mounting plugin HTML5Networking
LogPluginManager: Mounting plugin ProxyLODPlugin
LogPluginManager: Mounting plugin SkeletalReduction
LogPluginManager: Mounting plugin MagicLeap
LogPluginManager: Mounting plugin MagicLeapMedia
LogPluginManager: Mounting plugin AndroidMedia
LogPluginManager: Mounting plugin AvfMedia
LogPluginManager: Mounting plugin ImgMedia
LogPluginManager: Mounting plugin LinearTimecode
LogPluginManager: Mounting plugin MediaCompositing
LogPluginManager: Mounting plugin MediaPlayerEditor
LogPluginManager: Mounting plugin WebMMedia
LogPluginManager: Mounting plugin WmfMedia
LogPluginManager: Mounting plugin TcpMessaging
LogPluginManager: Mounting plugin UdpMessaging
LogPluginManager: Mounting plugin ActorSequence
LogPluginManager: Mounting plugin LevelSequenceEditor
LogPluginManager: Mounting plugin MatineeToLevelSequence
LogPluginManager: Mounting plugin NetcodeUnitTest
LogPluginManager: Mounting plugin NUTUnrealEngine4
LogPluginManager: Mounting plugin OnlineSubsystemGooglePlay
LogPluginManager: Mounting plugin OnlineSubsystemIOS
LogPluginManager: Mounting plugin OnlineSubsystem
LogPluginManager: Mounting plugin OnlineSubsystemNull
LogPluginManager: Mounting plugin OnlineSubsystemUtils
LogPluginManager: Mounting plugin LauncherChunkInstaller
LogPluginManager: Mounting plugin AndroidDeviceProfileSelector
LogPluginManager: Mounting plugin AndroidMoviePlayer
LogPluginManager: Mounting plugin AndroidPermission
LogPluginManager: Mounting plugin AppleMoviePlayer
LogPluginManager: Mounting plugin ArchVisCharacter
LogPluginManager: Mounting plugin AudioCapture
LogPluginManager: Mounting plugin CableComponent
LogPluginManager: Mounting plugin CustomMeshComponent
LogPluginManager: Mounting plugin EditableMesh
LogPluginManager: Mounting plugin ExampleDeviceProfileSelector
LogPluginManager: Mounting plugin Firebase
LogPluginManager: Mounting plugin GoogleCloudMessaging
LogPluginManager: Mounting plugin IOSDeviceProfileSelector
LogPluginManager: Mounting plugin LinuxDeviceProfileSelector
LogPluginManager: Mounting plugin LocationServicesBPLibrary
LogPluginManager: Mounting plugin MobilePatchingUtils
LogPluginManager: Mounting plugin PhysXVehicles
LogPluginManager: Mounting plugin ProceduralMeshComponent
LogPluginManager: Mounting plugin RuntimePhysXCooking
LogPluginManager: Mounting plugin SignificanceManager
LogPluginManager: Mounting plugin WebMMoviePlayer
LogPluginManager: Mounting plugin WindowsMoviePlayer
LogInit: Using libcurl 7.55.1-DEV
LogInit:  - built for x86_64-pc-win32
LogInit:  - supports SSL with OpenSSL/1.1.1
LogInit:  - supports HTTP deflate (compression) using libz 1.2.8
LogInit:  - other features:
LogInit:      CURL_VERSION_SSL
LogInit:      CURL_VERSION_LIBZ
LogInit:      CURL_VERSION_IPV6
LogInit:      CURL_VERSION_ASYNCHDNS
LogInit:      CURL_VERSION_LARGEFILE
LogInit:      CURL_VERSION_IDN
LogInit:  CurlRequestOptions (configurable via config and command line):
LogInit:  - bVerifyPeer = true  - Libcurl will verify peer certificate
LogInit:  - bUseHttpProxy = false  - Libcurl will NOT use HTTP proxy
LogInit:  - bDontReuseConnections = false  - Libcurl will reuse connections
LogInit:  - MaxHostConnections = 16  - Libcurl will limit the number of connections to a host
LogInit:  - LocalHostAddr = Default
LogInit:  - BufferSize = 65536
LogInit: WinSock: version 1.1 (2.2), MaxSocks=32767, MaxUdp=65467
LogInit: Build: ++UE4+Release-4.22-CL-7053642
LogInit: Engine Version: 4.22.3-7053642+++UE4+Release-4.22
LogInit: Compatible Engine Version: 4.22.0-5660361+++UE4+Release-4.22
LogInit: Net CL: 5660361
LogInit: OS: Windows 10 (Release 2004) (), CPU: Intel(R) Core(TM) i7-7700K CPU @ 4.20GHz, GPU: NVIDIA GeForce GTX 1080 Ti
LogInit: Compiled (64-bit): Jun 18 2019 03:09:11
LogInit: Compiled with Visual C++: 19.16.27025.01
LogInit: Build Configuration: Development
LogInit: Branch Name: ++UE4+Release-4.22
LogInit: Command Line: 
LogInit: Base Directory: C:/Program Files/Epic Games/UE_4.22/Engine/Binaries/Win64/
LogInit: Installed Engine Build: 1
LogDevObjectVersion: Number of dev versions registered: 23
LogDevObjectVersion:   Dev-Blueprints (B0D832E4-1F89-4F0D-ACCF-7EB736FD4AA2): 10
LogDevObjectVersion:   Dev-Build (E1C64328-A22C-4D53-A36C-8E866417BD8C): 0
LogDevObjectVersion:   Dev-Core (375EC13C-06E4-48FB-B500-84F0262A717E): 3
LogDevObjectVersion:   Dev-Editor (E4B068ED-F494-42E9-A231-DA0B2E46BB41): 30
LogDevObjectVersion:   Dev-Framework (CFFC743F-43B0-4480-9391-14DF171D2073): 35
LogDevObjectVersion:   Dev-Mobile (B02B49B5-BB20-44E9-A304-32B752E40360): 2
LogDevObjectVersion:   Dev-Networking (A4E4105C-59A1-49B5-A7C5-40C4547EDFEE): 0
LogDevObjectVersion:   Dev-Online (39C831C9-5AE6-47DC-9A44-9C173E1C8E7C): 0
LogDevObjectVersion:   Dev-Physics (78F01B33-EBEA-4F98-B9B4-84EACCB95AA2): 0
LogDevObjectVersion:   Dev-Platform (6631380F-2D4D-43E0-8009-CF276956A95A): 0
LogDevObjectVersion:   Dev-Rendering (12F88B9F-8875-4AFC-A67C-D90C383ABD29): 28
LogDevObjectVersion:   Dev-Sequencer (7B5AE74C-D270-4C10-A958-57980B212A5A): 11
LogDevObjectVersion:   Dev-VR (D7296918-1DD6-4BDD-9DE2-64A83CC13884): 2
LogDevObjectVersion:   Dev-LoadTimes (C2A15278-BFE7-4AFE-6C17-90FF531DF755): 1
LogDevObjectVersion:   Private-Geometry (6EACA3D4-40EC-4CC1-B786-8BED09428FC5): 3
LogDevObjectVersion:   Dev-AnimPhys (29E575DD-E0A3-4627-9D10-D276232CDCEA): 17
LogDevObjectVersion:   Dev-Anim (AF43A65D-7FD3-4947-9873-3E8ED9C1BB05): 2
LogDevObjectVersion:   Dev-ReflectionCapture (6B266CEC-1EC7-4B8F-A30B-E4D90942FC07): 1
LogDevObjectVersion:   Dev-Automation (0DF73D61-A23F-47EA-B727-89E90C41499A): 1
LogDevObjectVersion:   FortniteMain (601D1886-AC64-4F84-AA16-D3DE0DEAC7D6): 25
LogDevObjectVersion:   Dev-Enterprise (9DFFBCD6-494F-0158-E221-12823C92A888): 6
LogDevObjectVersion:   Dev-Niagara (F2AED0AC-9AFE-416F-8664-AA7FFA26D6FC): 1
LogDevObjectVersion:   Dev-Destruction (174F1F0B-B4C6-45A5-B13F-2EE8D0FB917D): 2
LogInit: Presizing for max 16777216 objects, including 0 objects not considered by GC, pre-allocating 0 bytes for permanent pool.
LogInit: Object subsystem initialized
LogConfig: Setting CVar [[con.DebugEarlyDefault:1]]
LogConfig: Setting CVar [[r.setres:1280x720]]
[2020.11.28-19.34.32:474][  0]LogConfig: Setting CVar [[r.VSync:0]]
[2020.11.28-19.34.32:474][  0]LogConfig: Setting CVar [[r.RHICmdBypass:0]]
[2020.11.28-19.34.32:474][  0]LogConfig: Applying CVar settings from Section [/Script/Engine.RendererSettings] File [C:/Users/val/Desktop/Game Development/Projects/bork-3d/proj/Saved/Config/Windows/Engine.ini]
[2020.11.28-19.34.32:474][  0]LogConfig: Setting CVar [[r.GPUCrashDebugging:0]]
[2020.11.28-19.34.32:474][  0]LogConfig: Setting CVar [[r.DefaultFeature.AutoExposure.ExtendDefaultLuminanceRange:1]]
[2020.11.28-19.34.32:474][  0]LogConfig: Applying CVar settings from Section [/Script/Engine.RendererOverrideSettings] File [C:/Users/val/Desktop/Game Development/Projects/bork-3d/proj/Saved/Config/Windows/Engine.ini]
[2020.11.28-19.34.32:474][  0]LogConfig: Applying CVar settings from Section [/Script/Engine.StreamingSettings] File [C:/Users/val/Desktop/Game Development/Projects/bork-3d/proj/Saved/Config/Windows/Engine.ini]
[2020.11.28-19.34.32:474][  0]LogConfig: Setting CVar [[s.MinBulkDataSizeForAsyncLoading:131072]]
[2020.11.28-19.34.32:474][  0]LogConfig: Setting CVar [[s.AsyncLoadingThreadEnabled:0]]
[2020.11.28-19.34.32:474][  0]LogConfig: Setting CVar [[s.EventDrivenLoaderEnabled:1]]
[2020.11.28-19.34.32:474][  0]LogConfig: Setting CVar [[s.WarnIfTimeLimitExceeded:0]]
[2020.11.28-19.34.32:474][  0]LogConfig: Setting CVar [[s.TimeLimitExceededMultiplier:1.5]]
[2020.11.28-19.34.32:475][  0]LogConfig: Setting CVar [[s.TimeLimitExceededMinTime:0.005]]
[2020.11.28-19.34.32:475][  0]LogConfig: Setting CVar [[s.UseBackgroundLevelStreaming:1]]
[2020.11.28-19.34.32:475][  0]LogConfig: Setting CVar [[s.PriorityAsyncLoadingExtraTime:15.0]]
[2020.11.28-19.34.32:475][  0]LogConfig: Setting CVar [[s.LevelStreamingActorsUpdateTimeLimit:5.0]]
[2020.11.28-19.34.32:475][  0]LogConfig: Setting CVar [[s.PriorityLevelStreamingActorsUpdateExtraTime:5.0]]
[2020.11.28-19.34.32:475][  0]LogConfig: Setting CVar [[s.LevelStreamingComponentsRegistrationGranularity:10]]
[2020.11.28-19.34.32:475][  0]LogConfig: Setting CVar [[s.UnregisterComponentsTimeLimit:1.0]]
[2020.11.28-19.34.32:475][  0]LogConfig: Setting CVar [[s.LevelStreamingComponentsUnregistrationGranularity:5]]
[2020.11.28-19.34.32:475][  0]LogConfig: Applying CVar settings from Section [/Script/Engine.GarbageCollectionSettings] File [C:/Users/val/Desktop/Game Development/Projects/bork-3d/proj/Saved/Config/Windows/Engine.ini]
[2020.11.28-19.34.32:475][  0]LogConfig: Setting CVar [[gc.MaxObjectsNotConsideredByGC:1]]
[2020.11.28-19.34.32:475][  0]LogConfig: Setting CVar [[gc.SizeOfPermanentObjectPool:0]]
[2020.11.28-19.34.32:475][  0]LogConfig: Setting CVar [[gc.FlushStreamingOnGC:0]]
[2020.11.28-19.34.32:475][  0]LogConfig: Setting CVar [[gc.NumRetriesBeforeForcingGC:10]]
[2020.11.28-19.34.32:475][  0]LogConfig: Setting CVar [[gc.AllowParallelGC:1]]
[2020.11.28-19.34.32:475][  0]LogConfig: Setting CVar [[gc.TimeBetweenPurgingPendingKillObjects:61.1]]
[2020.11.28-19.34.32:475][  0]LogConfig: Setting CVar [[gc.MaxObjectsInEditor:16777216]]
[2020.11.28-19.34.32:475][  0]LogConfig: Setting CVar [[gc.IncrementalBeginDestroyEnabled:1]]
[2020.11.28-19.34.32:475][  0]LogConfig: Setting CVar [[gc.CreateGCClusters:1]]
[2020.11.28-19.34.32:475][  0]LogConfig: Setting CVar [[gc.MinGCClusterSize:5]]
[2020.11.28-19.34.32:475][  0]LogConfig: Setting CVar [[gc.ActorClusteringEnabled:0]]
[2020.11.28-19.34.32:475][  0]LogConfig: Setting CVar [[gc.BlueprintClusteringEnabled:0]]
[2020.11.28-19.34.32:475][  0]LogConfig: Setting CVar [[gc.UseDisregardForGCOnDedicatedServers:0]]
[2020.11.28-19.34.32:475][  0]LogConfig: Applying CVar settings from Section [/Script/Engine.NetworkSettings] File [C:/Users/val/Desktop/Game Development/Projects/bork-3d/proj/Saved/Config/Windows/Engine.ini]
[2020.11.28-19.34.32:475][  0]LogConfig: Applying CVar settings from Section [/Script/UnrealEd.CookerSettings] File [C:/Users/val/Desktop/Game Development/Projects/bork-3d/proj/Saved/Config/Windows/Engine.ini]
[2020.11.28-19.34.32:477][  0]LogConfig: Applying CVar settings from Section [ViewDistanceQuality@3] File [C:/Users/val/Desktop/Game Development/Projects/bork-3d/proj/Saved/Config/Windows/Scalability.ini]
[2020.11.28-19.34.32:477][  0]LogConfig: Setting CVar [[r.SkeletalMeshLODBias:0]]
[2020.11.28-19.34.32:477][  0]LogConfig: Setting CVar [[r.ViewDistanceScale:1.0]]
[2020.11.28-19.34.32:477][  0]LogConfig: Applying CVar settings from Section [AntiAliasingQuality@3] File [C:/Users/val/Desktop/Game Development/Projects/bork-3d/proj/Saved/Config/Windows/Scalability.ini]
[2020.11.28-19.34.32:477][  0]LogConfig: Setting CVar [[r.PostProcessAAQuality:4]]
[2020.11.28-19.34.32:477][  0]LogConfig: Applying CVar settings from Section [ShadowQuality@3] File [C:/Users/val/Desktop/Game Development/Projects/bork-3d/proj/Saved/Config/Windows/Scalability.ini]
[2020.11.28-19.34.32:477][  0]LogConfig: Setting CVar [[r.LightFunctionQuality:1]]
[2020.11.28-19.34.32:477][  0]LogConfig: Setting CVar [[r.ShadowQuality:5]]
[2020.11.28-19.34.32:477][  0]LogConfig: Setting CVar [[r.Shadow.CSM.MaxCascades:10]]
[2020.11.28-19.34.32:477][  0]LogConfig: Setting CVar [[r.Shadow.MaxResolution:2048]]
[2020.11.28-19.34.32:477][  0]LogConfig: Setting CVar [[r.Shadow.MaxCSMResolution:2048]]
[2020.11.28-19.34.32:477][  0]LogConfig: Setting CVar [[r.Shadow.RadiusThreshold:0.01]]
[2020.11.28-19.34.32:477][  0]LogConfig: Setting CVar [[r.Shadow.DistanceScale:1.0]]
[2020.11.28-19.34.32:477][  0]LogConfig: Setting CVar [[r.Shadow.CSM.TransitionScale:1.0]]
[2020.11.28-19.34.32:477][  0]LogConfig: Setting CVar [[r.Shadow.PreShadowResolutionFactor:1.0]]
[2020.11.28-19.34.32:477][  0]LogConfig: Setting CVar [[r.DistanceFieldShadowing:1]]
[2020.11.28-19.34.32:477][  0]LogConfig: Setting CVar [[r.DistanceFieldAO:1]]
[2020.11.28-19.34.32:477][  0]LogConfig: Setting CVar [[r.AOQuality:2]]
[2020.11.28-19.34.32:477][  0]LogConfig: Setting CVar [[r.VolumetricFog:1]]
[2020.11.28-19.34.32:477][  0]LogConfig: Setting CVar [[r.VolumetricFog.GridPixelSize:8]]
[2020.11.28-19.34.32:477][  0]LogConfig: Setting CVar [[r.VolumetricFog.GridSizeZ:128]]
[2020.11.28-19.34.32:477][  0]LogConfig: Setting CVar [[r.VolumetricFog.HistoryMissSupersampleCount:4]]
[2020.11.28-19.34.32:477][  0]LogConfig: Setting CVar [[r.LightMaxDrawDistanceScale:1]]
[2020.11.28-19.34.32:477][  0]LogConfig: Setting CVar [[r.CapsuleShadows:1]]
[2020.11.28-19.34.32:477][  0]LogConfig: Applying CVar settings from Section [PostProcessQuality@3] File [C:/Users/val/Desktop/Game Development/Projects/bork-3d/proj/Saved/Config/Windows/Scalability.ini]
[2020.11.28-19.34.32:477][  0]LogConfig: Setting CVar [[r.MotionBlurQuality:4]]
[2020.11.28-19.34.32:477][  0]LogConfig: Setting CVar [[r.AmbientOcclusionMipLevelFactor:0.4]]
[2020.11.28-19.34.32:477][  0]LogConfig: Setting CVar [[r.AmbientOcclusionMaxQuality:100]]
[2020.11.28-19.34.32:477][  0]LogConfig: Setting CVar [[r.AmbientOcclusionLevels:-1]]
[2020.11.28-19.34.32:477][  0]LogConfig: Setting CVar [[r.AmbientOcclusionRadiusScale:1.0]]
[2020.11.28-19.34.32:477][  0]LogConfig: Setting CVar [[r.DepthOfFieldQuality:2]]
[2020.11.28-19.34.32:477][  0]LogConfig: Setting CVar [[r.RenderTargetPoolMin:400]]
[2020.11.28-19.34.32:477][  0]LogConfig: Setting CVar [[r.LensFlareQuality:2]]
[2020.11.28-19.34.32:477][  0]LogConfig: Setting CVar [[r.SceneColorFringeQuality:1]]
[2020.11.28-19.34.32:477][  0]LogConfig: Setting CVar [[r.EyeAdaptationQuality:2]]
[2020.11.28-19.34.32:477][  0]LogConfig: Setting CVar [[r.BloomQuality:5]]
[2020.11.28-19.34.32:477][  0]LogConfig: Setting CVar [[r.FastBlurThreshold:100]]
[2020.11.28-19.34.32:477][  0]LogConfig: Setting CVar [[r.Upscale.Quality:3]]
[2020.11.28-19.34.32:477][  0]LogConfig: Setting CVar [[r.Tonemapper.GrainQuantization:1]]
[2020.11.28-19.34.32:477][  0]LogConfig: Setting CVar [[r.LightShaftQuality:1]]
[2020.11.28-19.34.32:477][  0]LogConfig: Setting CVar [[r.Filter.SizeScale:1]]
[2020.11.28-19.34.32:477][  0]LogConfig: Setting CVar [[r.Tonemapper.Quality:5]]
[2020.11.28-19.34.32:477][  0]LogConfig: Setting CVar [[r.DOF.Gather.AccumulatorQuality:1        ; higher gathering accumulator quality]]
[2020.11.28-19.34.32:477][  0]LogConfig: Setting CVar [[r.DOF.Gather.PostfilterMethod:1          ; Median3x3 postfilering method]]
[2020.11.28-19.34.32:477][  0]LogConfig: Setting CVar [[r.DOF.Gather.EnableBokehSettings:0       ; no bokeh simulation when gathering]]
[2020.11.28-19.34.32:477][  0]LogConfig: Setting CVar [[r.DOF.Gather.RingCount:4                 ; medium number of samples when gathering]]
[2020.11.28-19.34.32:477][  0]LogConfig: Setting CVar [[r.DOF.Scatter.ForegroundCompositing:1    ; additive foreground scattering]]
[2020.11.28-19.34.32:477][  0]LogConfig: Setting CVar [[r.DOF.Scatter.BackgroundCompositing:2    ; additive background scattering]]
[2020.11.28-19.34.32:477][  0]LogConfig: Setting CVar [[r.DOF.Scatter.EnableBokehSettings:1      ; bokeh simulation when scattering]]
[2020.11.28-19.34.32:477][  0]LogConfig: Setting CVar [[r.DOF.Scatter.MaxSpriteRatio:0.1         ; only a maximum of 10% of scattered bokeh]]
[2020.11.28-19.34.32:477][  0]LogConfig: Setting CVar [[r.DOF.Recombine.Quality:1                ; cheap slight out of focus]]
[2020.11.28-19.34.32:477][  0]LogConfig: Setting CVar [[r.DOF.Recombine.EnableBokehSettings:0    ; no bokeh simulation on slight out of focus]]
[2020.11.28-19.34.32:477][  0]LogConfig: Setting CVar [[r.DOF.TemporalAAQuality:1                ; more stable temporal accumulation]]
[2020.11.28-19.34.32:478][  0]LogConfig: Setting CVar [[r.DOF.Kernel.MaxForegroundRadius:0.025]]
[2020.11.28-19.34.32:478][  0]LogConfig: Setting CVar [[r.DOF.Kernel.MaxBackgroundRadius:0.025]]
[2020.11.28-19.34.32:478][  0]LogConfig: Applying CVar settings from Section [TextureQuality@3] File [C:/Users/val/Desktop/Game Development/Projects/bork-3d/proj/Saved/Config/Windows/Scalability.ini]
[2020.11.28-19.34.32:478][  0]LogConfig: Setting CVar [[r.Streaming.MipBias:0]]
[2020.11.28-19.34.32:478][  0]LogConfig: Setting CVar [[r.Streaming.AmortizeCPUToGPUCopy:0]]
[2020.11.28-19.34.32:478][  0]LogConfig: Setting CVar [[r.Streaming.MaxNumTexturesToStreamPerFrame:0]]
[2020.11.28-19.34.32:478][  0]LogConfig: Setting CVar [[r.Streaming.Boost:1]]
[2020.11.28-19.34.32:478][  0]LogConfig: Setting CVar [[r.MaxAnisotropy:8]]
[2020.11.28-19.34.32:478][  0]LogConfig: Setting CVar [[r.Streaming.LimitPoolSizeToVRAM:0]]
[2020.11.28-19.34.32:478][  0]LogConfig: Setting CVar [[r.Streaming.PoolSize:1000]]
[2020.11.28-19.34.32:478][  0]LogConfig: Setting CVar [[r.Streaming.MaxEffectiveScreenSize:0]]
[2020.11.28-19.34.32:478][  0]LogConfig: Applying CVar settings from Section [EffectsQuality@3] File [C:/Users/val/Desktop/Game Development/Projects/bork-3d/proj/Saved/Config/Windows/Scalability.ini]
[2020.11.28-19.34.32:478][  0]LogConfig: Setting CVar [[r.TranslucencyLightingVolumeDim:64]]
[2020.11.28-19.34.32:478][  0]LogConfig: Setting CVar [[r.RefractionQuality:2]]
[2020.11.28-19.34.32:478][  0]LogConfig: Setting CVar [[r.SSR.Quality:3]]
[2020.11.28-19.34.32:478][  0]LogConfig: Setting CVar [[r.SceneColorFormat:4]]
[2020.11.28-19.34.32:478][  0]LogConfig: Setting CVar [[r.DetailMode:2]]
[2020.11.28-19.34.32:478][  0]LogConfig: Setting CVar [[r.TranslucencyVolumeBlur:1]]
[2020.11.28-19.34.32:478][  0]LogConfig: Setting CVar [[r.MaterialQualityLevel:1 ; High quality]]
[2020.11.28-19.34.32:478][  0]LogConfig: Setting CVar [[r.SSS.Scale:1]]
[2020.11.28-19.34.32:478][  0]LogConfig: Setting CVar [[r.SSS.SampleSet:2]]
[2020.11.28-19.34.32:478][  0]LogConfig: Setting CVar [[r.SSS.Quality:1]]
[2020.11.28-19.34.32:478][  0]LogConfig: Setting CVar [[r.SSS.HalfRes:1]]
[2020.11.28-19.34.32:478][  0]LogConfig: Setting CVar [[r.EmitterSpawnRateScale:1.0]]
[2020.11.28-19.34.32:478][  0]LogConfig: Setting CVar [[r.ParticleLightQuality:2]]
[2020.11.28-19.34.32:478][  0]LogConfig: Applying CVar settings from Section [FoliageQuality@3] File [C:/Users/val/Desktop/Game Development/Projects/bork-3d/proj/Saved/Config/Windows/Scalability.ini]
[2020.11.28-19.34.32:478][  0]LogConfig: Setting CVar [[foliage.DensityScale:1.0]]
[2020.11.28-19.34.32:478][  0]LogConfig: Setting CVar [[grass.DensityScale:1.0]]
[2020.11.28-19.34.32:478][  0]LogInit: Selected Device Profile: [Windows]
[2020.11.28-19.34.32:478][  0]LogInit: Applying CVar settings loaded from the selected device profile: [Windows]
[2020.11.28-19.34.32:488][  0]LogHAL: Display: Platform has ~ 32 GB [34254389248 / 34359738368 / 32], which maps to Largest [LargestMinGB=32, LargerMinGB=12, DefaultMinGB=8, SmallerMinGB=6, SmallestMinGB=0)
[2020.11.28-19.34.32:488][  0]LogConfig: Setting CVar [[r.Vulkan.UseRealUBs:0		; Required until we fix HLR fall-out]]
[2020.11.28-19.34.32:488][  0]LogInit: Going up to parent DeviceProfile []
[2020.11.28-19.34.32:488][  0]LogConfig: Applying CVar settings from Section [ViewDistanceQuality@3] File [C:/Users/val/Desktop/Game Development/Projects/bork-3d/proj/Saved/Config/Windows/Scalability.ini]
[2020.11.28-19.34.32:488][  0]LogConfig: Setting CVar [[r.SkeletalMeshLODBias:0]]
[2020.11.28-19.34.32:488][  0]LogConfig: Setting CVar [[r.ViewDistanceScale:1.0]]
[2020.11.28-19.34.32:489][  0]LogConfig: Applying CVar settings from Section [AntiAliasingQuality@3] File [C:/Users/val/Desktop/Game Development/Projects/bork-3d/proj/Saved/Config/Windows/Scalability.ini]
[2020.11.28-19.34.32:489][  0]LogConfig: Setting CVar [[r.PostProcessAAQuality:4]]
[2020.11.28-19.34.32:489][  0]LogConfig: Applying CVar settings from Section [ShadowQuality@3] File [C:/Users/val/Desktop/Game Development/Projects/bork-3d/proj/Saved/Config/Windows/Scalability.ini]
[2020.11.28-19.34.32:489][  0]LogConfig: Setting CVar [[r.LightFunctionQuality:1]]
[2020.11.28-19.34.32:489][  0]LogConfig: Setting CVar [[r.ShadowQuality:5]]
[2020.11.28-19.34.32:489][  0]LogConfig: Setting CVar [[r.Shadow.CSM.MaxCascades:10]]
[2020.11.28-19.34.32:489][  0]LogConfig: Setting CVar [[r.Shadow.MaxResolution:2048]]
[2020.11.28-19.34.32:489][  0]LogConfig: Setting CVar [[r.Shadow.MaxCSMResolution:2048]]
[2020.11.28-19.34.32:489][  0]LogConfig: Setting CVar [[r.Shadow.RadiusThreshold:0.01]]
[2020.11.28-19.34.32:489][  0]LogConfig: Setting CVar [[r.Shadow.DistanceScale:1.0]]
[2020.11.28-19.34.32:489][  0]LogConfig: Setting CVar [[r.Shadow.CSM.TransitionScale:1.0]]
[2020.11.28-19.34.32:489][  0]LogConfig: Setting CVar [[r.Shadow.PreShadowResolutionFactor:1.0]]
[2020.11.28-19.34.32:489][  0]LogConfig: Setting CVar [[r.DistanceFieldShadowing:1]]
[2020.11.28-19.34.32:489][  0]LogConfig: Setting CVar [[r.DistanceFieldAO:1]]
[2020.11.28-19.34.32:489][  0]LogConfig: Setting CVar [[r.AOQuality:2]]
[2020.11.28-19.34.32:489][  0]LogConfig: Setting CVar [[r.VolumetricFog:1]]
[2020.11.28-19.34.32:489][  0]LogConfig: Setting CVar [[r.VolumetricFog.GridPixelSize:8]]
[2020.11.28-19.34.32:489][  0]LogConfig: Setting CVar [[r.VolumetricFog.GridSizeZ:128]]
[2020.11.28-19.34.32:489][  0]LogConfig: Setting CVar [[r.VolumetricFog.HistoryMissSupersampleCount:4]]
[2020.11.28-19.34.32:489][  0]LogConfig: Setting CVar [[r.LightMaxDrawDistanceScale:1]]
[2020.11.28-19.34.32:489][  0]LogConfig: Setting CVar [[r.CapsuleShadows:1]]
[2020.11.28-19.34.32:489][  0]LogConfig: Applying CVar settings from Section [PostProcessQuality@3] File [C:/Users/val/Desktop/Game Development/Projects/bork-3d/proj/Saved/Config/Windows/Scalability.ini]
[2020.11.28-19.34.32:489][  0]LogConfig: Setting CVar [[r.MotionBlurQuality:4]]
[2020.11.28-19.34.32:489][  0]LogConfig: Setting CVar [[r.AmbientOcclusionMipLevelFactor:0.4]]
[2020.11.28-19.34.32:489][  0]LogConfig: Setting CVar [[r.AmbientOcclusionMaxQuality:100]]
[2020.11.28-19.34.32:489][  0]LogConfig: Setting CVar [[r.AmbientOcclusionLevels:-1]]
[2020.11.28-19.34.32:489][  0]LogConfig: Setting CVar [[r.AmbientOcclusionRadiusScale:1.0]]
[2020.11.28-19.34.32:489][  0]LogConfig: Setting CVar [[r.DepthOfFieldQuality:2]]
[2020.11.28-19.34.32:489][  0]LogConfig: Setting CVar [[r.RenderTargetPoolMin:400]]
[2020.11.28-19.34.32:489][  0]LogConfig: Setting CVar [[r.LensFlareQuality:2]]
[2020.11.28-19.34.32:489][  0]LogConfig: Setting CVar [[r.SceneColorFringeQuality:1]]
[2020.11.28-19.34.32:489][  0]LogConfig: Setting CVar [[r.EyeAdaptationQuality:2]]
[2020.11.28-19.34.32:489][  0]LogConfig: Setting CVar [[r.BloomQuality:5]]
[2020.11.28-19.34.32:489][  0]LogConfig: Setting CVar [[r.FastBlurThreshold:100]]
[2020.11.28-19.34.32:489][  0]LogConfig: Setting CVar [[r.Upscale.Quality:3]]
[2020.11.28-19.34.32:489][  0]LogConfig: Setting CVar [[r.Tonemapper.GrainQuantization:1]]
[2020.11.28-19.34.32:489][  0]LogConfig: Setting CVar [[r.LightShaftQuality:1]]
[2020.11.28-19.34.32:489][  0]LogConfig: Setting CVar [[r.Filter.SizeScale:1]]
[2020.11.28-19.34.32:489][  0]LogConfig: Setting CVar [[r.Tonemapper.Quality:5]]
[2020.11.28-19.34.32:489][  0]LogConfig: Setting CVar [[r.DOF.Gather.AccumulatorQuality:1        ; higher gathering accumulator quality]]
[2020.11.28-19.34.32:489][  0]LogConfig: Setting CVar [[r.DOF.Gather.PostfilterMethod:1          ; Median3x3 postfilering method]]
[2020.11.28-19.34.32:489][  0]LogConfig: Setting CVar [[r.DOF.Gather.EnableBokehSettings:0       ; no bokeh simulation when gathering]]
[2020.11.28-19.34.32:489][  0]LogConfig: Setting CVar [[r.DOF.Gather.RingCount:4                 ; medium number of samples when gathering]]
[2020.11.28-19.34.32:489][  0]LogConfig: Setting CVar [[r.DOF.Scatter.ForegroundCompositing:1    ; additive foreground scattering]]
[2020.11.28-19.34.32:489][  0]LogConfig: Setting CVar [[r.DOF.Scatter.BackgroundCompositing:2    ; additive background scattering]]
[2020.11.28-19.34.32:489][  0]LogConfig: Setting CVar [[r.DOF.Scatter.EnableBokehSettings:1      ; bokeh simulation when scattering]]
[2020.11.28-19.34.32:489][  0]LogConfig: Setting CVar [[r.DOF.Scatter.MaxSpriteRatio:0.1         ; only a maximum of 10% of scattered bokeh]]
[2020.11.28-19.34.32:489][  0]LogConfig: Setting CVar [[r.DOF.Recombine.Quality:1                ; cheap slight out of focus]]
[2020.11.28-19.34.32:489][  0]LogConfig: Setting CVar [[r.DOF.Recombine.EnableBokehSettings:0    ; no bokeh simulation on slight out of focus]]
[2020.11.28-19.34.32:489][  0]LogConfig: Setting CVar [[r.DOF.TemporalAAQuality:1                ; more stable temporal accumulation]]
[2020.11.28-19.34.32:489][  0]LogConfig: Setting CVar [[r.DOF.Kernel.MaxForegroundRadius:0.025]]
[2020.11.28-19.34.32:489][  0]LogConfig: Setting CVar [[r.DOF.Kernel.MaxBackgroundRadius:0.025]]
[2020.11.28-19.34.32:489][  0]LogConfig: Applying CVar settings from Section [TextureQuality@3] File [C:/Users/val/Desktop/Game Development/Projects/bork-3d/proj/Saved/Config/Windows/Scalability.ini]
[2020.11.28-19.34.32:489][  0]LogConfig: Setting CVar [[r.Streaming.MipBias:0]]
[2020.11.28-19.34.32:489][  0]LogConfig: Setting CVar [[r.Streaming.AmortizeCPUToGPUCopy:0]]
[2020.11.28-19.34.32:489][  0]LogConfig: Setting CVar [[r.Streaming.MaxNumTexturesToStreamPerFrame:0]]
[2020.11.28-19.34.32:489][  0]LogConfig: Setting CVar [[r.Streaming.Boost:1]]
[2020.11.28-19.34.32:489][  0]LogConfig: Setting CVar [[r.MaxAnisotropy:8]]
[2020.11.28-19.34.32:489][  0]LogConfig: Setting CVar [[r.Streaming.LimitPoolSizeToVRAM:0]]
[2020.11.28-19.34.32:489][  0]LogConfig: Setting CVar [[r.Streaming.PoolSize:1000]]
[2020.11.28-19.34.32:489][  0]LogConfig: Setting CVar [[r.Streaming.MaxEffectiveScreenSize:0]]
[2020.11.28-19.34.32:489][  0]LogConfig: Applying CVar settings from Section [EffectsQuality@3] File [C:/Users/val/Desktop/Game Development/Projects/bork-3d/proj/Saved/Config/Windows/Scalability.ini]
[2020.11.28-19.34.32:489][  0]LogConfig: Setting CVar [[r.TranslucencyLightingVolumeDim:64]]
[2020.11.28-19.34.32:489][  0]LogConfig: Setting CVar [[r.RefractionQuality:2]]
[2020.11.28-19.34.32:489][  0]LogConfig: Setting CVar [[r.SSR.Quality:3]]
[2020.11.28-19.34.32:489][  0]LogConfig: Setting CVar [[r.SceneColorFormat:4]]
[2020.11.28-19.34.32:489][  0]LogConfig: Setting CVar [[r.DetailMode:2]]
[2020.11.28-19.34.32:489][  0]LogConfig: Setting CVar [[r.TranslucencyVolumeBlur:1]]
[2020.11.28-19.34.32:489][  0]LogConfig: Setting CVar [[r.MaterialQualityLevel:1 ; High quality]]
[2020.11.28-19.34.32:489][  0]LogConfig: Setting CVar [[r.SSS.Scale:1]]
[2020.11.28-19.34.32:489][  0]LogConfig: Setting CVar [[r.SSS.SampleSet:2]]
[2020.11.28-19.34.32:489][  0]LogConfig: Setting CVar [[r.SSS.Quality:1]]
[2020.11.28-19.34.32:489][  0]LogConfig: Setting CVar [[r.SSS.HalfRes:1]]
[2020.11.28-19.34.32:489][  0]LogConfig: Setting CVar [[r.EmitterSpawnRateScale:1.0]]
[2020.11.28-19.34.32:489][  0]LogConfig: Setting CVar [[r.ParticleLightQuality:2]]
[2020.11.28-19.34.32:489][  0]LogConfig: Applying CVar settings from Section [FoliageQuality@3] File [C:/Users/val/Desktop/Game Development/Projects/bork-3d/proj/Saved/Config/Windows/Scalability.ini]
[2020.11.28-19.34.32:489][  0]LogConfig: Setting CVar [[foliage.DensityScale:1.0]]
[2020.11.28-19.34.32:490][  0]LogConfig: Setting CVar [[grass.DensityScale:1.0]]
[2020.11.28-19.34.32:490][  0]LogConfig: Applying CVar settings from Section [Startup] File [../../../Engine/Config/ConsoleVariables.ini]
[2020.11.28-19.34.32:490][  0]LogConfig: Setting CVar [[net.UseAdaptiveNetUpdateFrequency:0]]
[2020.11.28-19.34.32:490][  0]LogConfig: Setting CVar [[p.chaos.AllowCreatePhysxBodies:1]]
[2020.11.28-19.34.32:490][  0]LogConfig: Applying CVar settings from Section [ConsoleVariables] File [C:/Users/val/Desktop/Game Development/Projects/bork-3d/proj/Saved/Config/Windows/Engine.ini]
[2020.11.28-19.34.32:490][  0]LogInit: Computer: NARSHE
[2020.11.28-19.34.32:490][  0]LogInit: User: val
[2020.11.28-19.34.32:490][  0]LogInit: CPU Page size=4096, Cores=4
[2020.11.28-19.34.32:490][  0]LogInit: High frequency timer resolution =10.000000 MHz
[2020.11.28-19.34.32:490][  0]LogMemory: Memory total: Physical=31.9GB (32GB approx)
[2020.11.28-19.34.32:490][  0]LogMemory: Platform Memory Stats for Windows
[2020.11.28-19.34.32:490][  0]LogMemory: Process Physical Memory: 97.12 MB used, 97.13 MB peak
[2020.11.28-19.34.32:490][  0]LogMemory: Process Virtual Memory: 85.16 MB used, 85.16 MB peak
[2020.11.28-19.34.32:490][  0]LogMemory: Physical Memory: 7286.23 MB used,  25381.30 MB free, 32667.53 MB total
[2020.11.28-19.34.32:490][  0]LogMemory: Virtual Memory: 4636.64 MB used,  134213088.00 MB free, 134217728.00 MB total
[2020.11.28-19.34.32:505][  0]LogInit: Using OS detected language (en-US).
[2020.11.28-19.34.32:506][  0]LogInit: Using OS detected locale (en-US).
[2020.11.28-19.34.32:506][  0]LogTextLocalizationManager: No specific localization for 'en-US' exists, so the 'en' localization will be used.
[2020.11.28-19.34.32:634][  0]LogInit: Setting process to per monitor DPI aware
[2020.11.28-19.34.32:660][  0]LogSlate: New Slate User Created.  User Index 0, Is Virtual User: 0
[2020.11.28-19.34.32:660][  0]LogSlate: Slate User Registered.  User Index 0, Is Virtual User: 0
[2020.11.28-19.34.32:787][  0]LogD3D11RHI: D3D11 adapters:
[2020.11.28-19.34.32:855][  0]LogD3D11RHI:    0. 'NVIDIA GeForce GTX 1080 Ti' (Feature Level 11_0)
[2020.11.28-19.34.32:855][  0]LogD3D11RHI:       11127/0/16333 MB DedicatedVideo/DedicatedSystem/SharedSystem, Outputs:1, VendorId:0x10de
[2020.11.28-19.34.32:881][  0]LogD3D11RHI:    1. 'Intel(R) HD Graphics 630' (Feature Level 11_0)
[2020.11.28-19.34.32:881][  0]LogD3D11RHI:       128/0/16333 MB DedicatedVideo/DedicatedSystem/SharedSystem, Outputs:0, VendorId:0x8086
[2020.11.28-19.34.32:883][  0]LogD3D11RHI:    2. 'Microsoft Basic Render Driver' (Feature Level 11_0)
[2020.11.28-19.34.32:883][  0]LogD3D11RHI:       0/0/16333 MB DedicatedVideo/DedicatedSystem/SharedSystem, Outputs:0, VendorId:0x1414
[2020.11.28-19.34.32:883][  0]LogD3D11RHI: Chosen D3D11 Adapter: 0
[2020.11.28-19.34.32:890][  0]LogD3D11RHI: Creating new Direct3DDevice
[2020.11.28-19.34.32:890][  0]LogD3D11RHI:     GPU DeviceId: 0x1b06 (for the marketing name, search the web for "GPU Device Id")
[2020.11.28-19.34.32:890][  0]LogWindows: EnumDisplayDevices:
[2020.11.28-19.34.32:890][  0]LogWindows:    0. 'NVIDIA GeForce GTX 1080 Ti' (P:1 D:1)
[2020.11.28-19.34.32:890][  0]LogWindows:    1. 'NVIDIA GeForce GTX 1080 Ti' (P:0 D:0)
[2020.11.28-19.34.32:890][  0]LogWindows:    2. 'NVIDIA GeForce GTX 1080 Ti' (P:0 D:0)
[2020.11.28-19.34.32:891][  0]LogWindows:    3. 'NVIDIA GeForce GTX 1080 Ti' (P:0 D:0)
[2020.11.28-19.34.32:891][  0]LogWindows:    4. 'Intel(R) HD Graphics 630' (P:0 D:0)
[2020.11.28-19.34.32:891][  0]LogWindows:    5. 'Intel(R) HD Graphics 630' (P:0 D:0)
[2020.11.28-19.34.32:891][  0]LogWindows:    6. 'Intel(R) HD Graphics 630' (P:0 D:0)
[2020.11.28-19.34.32:891][  0]LogWindows: DebugString: PrimaryIsNotTheChoosenAdapter PrimaryIsNotTheChoosenAdapter PrimaryIsNotTheChoosenAdapter FoundDriverCount:4 
[2020.11.28-19.34.32:891][  0]LogD3D11RHI:     Adapter Name: NVIDIA GeForce GTX 1080 Ti
[2020.11.28-19.34.32:891][  0]LogD3D11RHI:   Driver Version: 452.06 (internal:27.21.14.5206, unified:452.06)
[2020.11.28-19.34.32:891][  0]LogD3D11RHI:      Driver Date: 8-12-2020
[2020.11.28-19.34.32:891][  0]LogRHI: Texture pool is 7788 MB (70% of 11127 MB)
[2020.11.28-19.34.32:941][  0]LogD3D11RHI: Async texture creation enabled
[2020.11.28-19.34.32:947][  0]LogRendererCore: FGlobalReadBuffer::InitRHI
[2020.11.28-19.34.32:947][  0]LogRendererCore: FGlobalReadBuffer::InitRHI
[2020.11.28-19.34.32:947][  0]LogRendererCore: FGlobalReadBuffer::InitRHI
[2020.11.28-19.34.32:954][  0]LogD3D11RHI: GPU Timing Frequency: 1000.000000 (Debug: 2 1)
[2020.11.28-19.34.33:193][  0]LogTemp: Display: Module 'AllDesktopTargetPlatform' loaded TargetPlatform 'AllDesktop'
[2020.11.28-19.34.33:204][  0]LogTemp: Display: Module 'MacClientTargetPlatform' loaded TargetPlatform 'MacClient'
[2020.11.28-19.34.33:214][  0]LogTemp: Display: Module 'MacNoEditorTargetPlatform' loaded TargetPlatform 'MacNoEditor'
[2020.11.28-19.34.33:224][  0]LogTemp: Display: Module 'MacServerTargetPlatform' loaded TargetPlatform 'MacServer'
[2020.11.28-19.34.33:234][  0]LogTemp: Display: Module 'MacTargetPlatform' loaded TargetPlatform 'Mac'
[2020.11.28-19.34.33:245][  0]LogTemp: Display: Module 'WindowsClientTargetPlatform' loaded TargetPlatform 'WindowsClient'
[2020.11.28-19.34.33:255][  0]LogTemp: Display: Module 'WindowsNoEditorTargetPlatform' loaded TargetPlatform 'WindowsNoEditor'
[2020.11.28-19.34.33:266][  0]LogTemp: Display: Module 'WindowsServerTargetPlatform' loaded TargetPlatform 'WindowsServer'
[2020.11.28-19.34.33:271][  0]LogTemp: Display: Module 'WindowsTargetPlatform' loaded TargetPlatform 'Windows'
[2020.11.28-19.34.33:335][  0]LogTemp: Display: Module 'AndroidTargetPlatform' loaded TargetPlatform 'Android'
[2020.11.28-19.34.33:335][  0]LogTemp: Display: Module 'AndroidTargetPlatform' loaded TargetPlatform 'Android_ASTC'
[2020.11.28-19.34.33:335][  0]LogTemp: Display: Module 'AndroidTargetPlatform' loaded TargetPlatform 'Android_ATC'
[2020.11.28-19.34.33:336][  0]LogTemp: Display: Module 'AndroidTargetPlatform' loaded TargetPlatform 'Android_DXT'
[2020.11.28-19.34.33:336][  0]LogTemp: Display: Module 'AndroidTargetPlatform' loaded TargetPlatform 'Android_ETC1'
[2020.11.28-19.34.33:336][  0]LogTemp: Display: Module 'AndroidTargetPlatform' loaded TargetPlatform 'Android_ETC1a'
[2020.11.28-19.34.33:336][  0]LogTemp: Display: Module 'AndroidTargetPlatform' loaded TargetPlatform 'Android_ETC2'
[2020.11.28-19.34.33:336][  0]LogTemp: Display: Module 'AndroidTargetPlatform' loaded TargetPlatform 'Android_PVRTC'
[2020.11.28-19.34.33:336][  0]LogTemp: Display: Module 'AndroidTargetPlatform' loaded TargetPlatform 'AndroidClient'
[2020.11.28-19.34.33:336][  0]LogTemp: Display: Module 'AndroidTargetPlatform' loaded TargetPlatform 'Android_ASTCClient'
[2020.11.28-19.34.33:336][  0]LogTemp: Display: Module 'AndroidTargetPlatform' loaded TargetPlatform 'Android_ATCClient'
[2020.11.28-19.34.33:336][  0]LogTemp: Display: Module 'AndroidTargetPlatform' loaded TargetPlatform 'Android_DXTClient'
[2020.11.28-19.34.33:336][  0]LogTemp: Display: Module 'AndroidTargetPlatform' loaded TargetPlatform 'Android_ETC1Client'
[2020.11.28-19.34.33:336][  0]LogTemp: Display: Module 'AndroidTargetPlatform' loaded TargetPlatform 'Android_ETC1aClient'
[2020.11.28-19.34.33:336][  0]LogTemp: Display: Module 'AndroidTargetPlatform' loaded TargetPlatform 'Android_ETC2Client'
[2020.11.28-19.34.33:336][  0]LogTemp: Display: Module 'AndroidTargetPlatform' loaded TargetPlatform 'Android_PVRTCClient'
[2020.11.28-19.34.33:336][  0]LogTemp: Display: Module 'AndroidTargetPlatform' loaded TargetPlatform 'Android_Multi'
[2020.11.28-19.34.33:336][  0]LogTemp: Display: Module 'AndroidTargetPlatform' loaded TargetPlatform 'Android_MultiClient'
[2020.11.28-19.34.33:337][  0]LogTemp: Display: Module 'HTML5TargetPlatform' loaded TargetPlatform 'HTML5'
[2020.11.28-19.34.33:378][  0]LogTemp: Display: Module 'IOSTargetPlatform' loaded TargetPlatform 'IOSClient'
[2020.11.28-19.34.33:378][  0]LogTemp: Display: Module 'IOSTargetPlatform' loaded TargetPlatform 'IOS'
[2020.11.28-19.34.33:397][  0]LogTemp: Display: Module 'TVOSTargetPlatform' loaded TargetPlatform 'TVOSClient'
[2020.11.28-19.34.33:397][  0]LogTemp: Display: Module 'TVOSTargetPlatform' loaded TargetPlatform 'TVOS'
[2020.11.28-19.34.33:407][  0]LogTemp: Display: Module 'LinuxClientTargetPlatform' loaded TargetPlatform 'LinuxClient'
[2020.11.28-19.34.33:416][  0]LogTemp: Display: Module 'LinuxNoEditorTargetPlatform' loaded TargetPlatform 'LinuxNoEditor'
[2020.11.28-19.34.33:426][  0]LogTemp: Display: Module 'LinuxServerTargetPlatform' loaded TargetPlatform 'LinuxServer'
[2020.11.28-19.34.33:437][  0]LogTemp: Display: Module 'LinuxTargetPlatform' loaded TargetPlatform 'Linux'
[2020.11.28-19.34.33:472][  0]LogTemp: Display: Module 'LuminTargetPlatform' loaded TargetPlatform 'Lumin'
[2020.11.28-19.34.33:472][  0]LogTemp: Display: Module 'LuminTargetPlatform' loaded TargetPlatform 'LuminClient'
[2020.11.28-19.34.33:472][  0]LogTargetPlatformManager: Display: Building Assets For Windows
[2020.11.28-19.34.33:477][  0]LogAudioDebug: Display: Lib vorbis DLL was dynamically loaded.
[2020.11.28-19.34.33:509][  0]LogShaderCompilers: Guid format shader working directory is -30 characters bigger than the processId version (../../../../../../Users/val/Desktop/Game Development/Projects/bork-3d/proj/Intermediate/Shaders/WorkingDirectory/9256/).
[2020.11.28-19.34.33:509][  0]LogShaderCompilers: Cleaned the shader compiler working directory 'C:/Users/val/AppData/Local/Temp/UnrealShaderWorkingDir/88D68F0844F286BBA7CBA389BF9D0E9C/'.
[2020.11.28-19.34.33:510][  0]LogXGEController: Cannot use XGE Controller as Incredibuild is not installed on this machine.
[2020.11.28-19.34.33:510][  0]LogShaderCompilers: Cannot use XGE Shader Compiler as Incredibuild is not installed on this machine.
[2020.11.28-19.34.33:510][  0]LogShaderCompilers: Display: Using Local Shader Compiler.
[2020.11.28-19.34.33:926][  0]LogDerivedDataCache: Display: Max Cache Size: 512 MB
[2020.11.28-19.34.33:966][  0]LogDerivedDataCache: Loaded boot cache 0.04s 71MB C:/Users/val/AppData/Local/UnrealEngine/4.22/DerivedDataCache/Boot.ddc.
[2020.11.28-19.34.33:966][  0]LogDerivedDataCache: Display: Loaded Boot cache: C:/Users/val/AppData/Local/UnrealEngine/4.22/DerivedDataCache/Boot.ddc
[2020.11.28-19.34.33:966][  0]LogDerivedDataCache: FDerivedDataBackendGraph:  Pak pak cache file ../../../../../../Users/val/Desktop/Game Development/Projects/bork-3d/proj/DerivedDataCache/DDC.ddp not found, will not use a pak cache.
[2020.11.28-19.34.33:966][  0]LogDerivedDataCache: Unable to find inner node Pak for hierarchical cache Hierarchy.
[2020.11.28-19.34.33:966][  0]LogDerivedDataCache: FDerivedDataBackendGraph:  CompressedPak pak cache file ../../../../../../Users/val/Desktop/Game Development/Projects/bork-3d/proj/DerivedDataCache/Compressed.ddp not found, will not use a pak cache.
[2020.11.28-19.34.33:967][  0]LogDerivedDataCache: Unable to find inner node CompressedPak for hierarchical cache Hierarchy.
[2020.11.28-19.34.33:976][  0]LogDerivedDataCache: Display: Pak cache opened for reading ../../../Engine/DerivedDataCache/Compressed.ddp.
[2020.11.28-19.34.33:976][  0]LogDerivedDataCache: FDerivedDataBackendGraph:  EnterprisePak pak cache file ../../../Enterprise/DerivedDataCache/Compressed.ddp not found, will not use a pak cache.
[2020.11.28-19.34.33:976][  0]LogDerivedDataCache: Unable to find inner node EnterprisePak for hierarchical cache Hierarchy.
[2020.11.28-19.34.33:988][  0]LogDerivedDataCache: Using Local data cache path C:/Users/val/AppData/Local/UnrealEngine/Common/DerivedDataCache: Writable
[2020.11.28-19.34.33:988][  0]LogDerivedDataCache: Shared data cache path not found in *engine.ini, will not use an Shared cache.
[2020.11.28-19.34.33:988][  0]LogDerivedDataCache: Unable to find inner node Shared for hierarchical cache Hierarchy.
[2020.11.28-19.34.34:004][  0]LogMaterial: Verifying Global Shaders for PCD3D_SM5
[2020.11.28-19.34.34:005][  0]LogSlate: Using FreeType 2.6.0
[2020.11.28-19.34.34:005][  0]LogSlate: SlateFontServices - WITH_FREETYPE: 1, WITH_HARFBUZZ: 1
[2020.11.28-19.34.34:076][  0]LogAssetRegistry: FAssetRegistry took 0.0297 seconds to start up
[2020.11.28-19.34.34:318][  0]LogInit: Selected Device Profile: [Windows]
[2020.11.28-19.34.34:416][  0]LogMeshReduction: Using QuadricMeshReduction for automatic static mesh reduction
[2020.11.28-19.34.34:416][  0]LogMeshReduction: Using SimplygonMeshReduction for automatic skeletal mesh reduction
[2020.11.28-19.34.34:416][  0]LogMeshReduction: Using ProxyLODMeshReduction for automatic mesh merging
[2020.11.28-19.34.34:416][  0]LogMeshReduction: No distributed automatic mesh merging module available
[2020.11.28-19.34.34:416][  0]LogMeshMerging: No distributed automatic mesh merging module available
[2020.11.28-19.34.34:424][  0]LogNetVersion: BullCowGame 1.0.0, NetCL: 5660361, EngineNetVer: 10, GameNetVer: 0 (Checksum: 2070390679)
[2020.11.28-19.34.34:716][  0]LogPackageLocalizationCache: Processed 8 localized package path(s) for 1 prioritized culture(s) in 0.026657 seconds
[2020.11.28-19.34.34:721][  0]LogUObjectArray: 41770 objects as part of root set at end of initial load.
[2020.11.28-19.34.34:721][  0]LogUObjectAllocator: 7252984 out of 0 bytes used by permanent object pool.
[2020.11.28-19.34.34:721][  0]LogUObjectArray: CloseDisregardForGC: 0/0 objects in disregard for GC pool
[2020.11.28-19.34.35:299][  0]LogTcpMessaging: Initializing TcpMessaging bridge
[2020.11.28-19.34.35:311][  0]LogUdpMessaging: Initializing bridge on interface 0.0.0.0:0 to multicast group 230.0.0.1:6666.
[2020.11.28-19.34.35:409][  0]SourceControl: Source control is disabled
[2020.11.28-19.34.35:409][  0]SourceControl: Source control is disabled
[2020.11.28-19.34.35:410][  0]SourceControl: Source control is disabled
[2020.11.28-19.34.35:411][  0]SourceControl: Source control is disabled
[2020.11.28-19.34.35:463][  0]LogAndroidPermission: UAndroidPermissionCallbackProxy::GetInstance
[2020.11.28-19.34.35:722][  0]LogEngine: Initializing Engine...
[2020.11.28-19.34.35:723][  0]LogStats: UGameplayTagsManager::InitializeManager -  0.000 s
[2020.11.28-19.34.35:879][  0]LogInit: Initializing FReadOnlyCVARCache
[2020.11.28-19.34.35:887][  0]LogAIModule: Creating AISystem for world Untitled
[2020.11.28-19.34.35:932][  0]LogInit: XAudio2 using 'Speakers / Headphones (Realtek Audio)' : 2 channels at 48 kHz using 32 bits per sample (channel mask 0x3)
[2020.11.28-19.34.35:977][  0]LogInit: FAudioDevice initialized.
[2020.11.28-19.34.35:977][  0]LogNetVersion: Set ProjectVersion to 1.0.0.0. Version Checksum will be recalculated on next use.
[2020.11.28-19.34.36:036][  0]LogDerivedDataCache: Saved boot cache 0.06s 71MB C:/Users/val/AppData/Local/UnrealEngine/4.22/DerivedDataCache/Boot.ddc.
[2020.11.28-19.34.36:041][  0]LogInit: Texture streaming: Enabled
[2020.11.28-19.34.36:052][  0]LogEngineSessionManager: EngineSessionManager initialized
[2020.11.28-19.34.36:065][  0]LogInit: Transaction tracking system initialized
[2020.11.28-19.34.36:077][  0]BlueprintLog: New page: Editor Load
[2020.11.28-19.34.36:121][  0]LocalizationService: Localization service is disabled
[2020.11.28-19.34.36:193][  0]LogLinker: Warning: Can't find file '/Game/ThirdPersonBP/ThirdPersonOverview'
[2020.11.28-19.34.36:193][  0]LogLinker: Warning: Can't find file '/Game/ThirdPersonBP/ThirdPersonOverview'
[2020.11.28-19.34.36:193][  0]LogUObjectGlobals: Warning: Failed to find object 'Class /Game/ThirdPersonBP/ThirdPersonOverview.ThirdPersonOverview_C'
[2020.11.28-19.34.36:334][  0]LogFileCache: Scanning file cache for directory 'C:/Users/val/Desktop/Game Development/Projects/bork-3d/proj/Content/' took 0.01s
[2020.11.28-19.34.36:334][  0]LogCook: Display: Max memory allowance for cook 16384mb min free memory 0mb
[2020.11.28-19.34.36:334][  0]LogCook: Display: Mobile HDR setting 1
[2020.11.28-19.34.36:418][  0]SourceControl: Source control is disabled
[2020.11.28-19.34.36:418][  0]Cmd: MAP LOAD FILE="../../../../../../Users/val/Desktop/Game Development/Projects/bork-3d/proj/Content/Levels/Level1.umap" TEMPLATE=0 SHOWPROGRESS=1 FEATURELEVEL=3
[2020.11.28-19.34.36:419][  0]LightingResults: New page: Lighting Build
[2020.11.28-19.34.36:420][  0]MapCheck: New page: Map Check
[2020.11.28-19.34.36:420][  0]LightingResults: New page: Lighting Build
[2020.11.28-19.34.36:437][  0]LogUObjectHash: Compacting FUObjectHashTables data took   1.16ms
[2020.11.28-19.34.36:680][  0]LogAIModule: Creating AISystem for world Level1
[2020.11.28-19.34.36:692][  0]LogEditorServer: Finished looking for orphan Actors (0.000 secs)
[2020.11.28-19.34.36:710][  0]LogUObjectHash: Compacting FUObjectHashTables data took   1.58ms
[2020.11.28-19.34.36:710][  0]Cmd: MAP CHECKDEP NOCLEARLOG
[2020.11.28-19.34.36:710][  0]MapCheck: Map check complete: 0 Error(s), 0 Warning(s), took 0.123ms to complete.
[2020.11.28-19.34.36:710][  0]LogFileHelpers: Loading map 'Level1' took 0.292
[2020.11.28-19.34.36:804][  0]LogSlate: Updating window title bar state: overlay mode, drag disabled, window buttons hidden, title bar hidden
[2020.11.28-19.34.36:809][  0]LogSlate: Updating window title bar state: overlay mode, drag disabled, window buttons hidden, title bar hidden
[2020.11.28-19.34.36:815][  0]LogSlate: Updating window title bar state: overlay mode, drag disabled, window buttons hidden, title bar hidden
[2020.11.28-19.34.36:821][  0]LogSlate: Updating window title bar state: overlay mode, drag disabled, window buttons hidden, title bar hidden
[2020.11.28-19.34.36:824][  0]LogCollectionManager: Loaded 0 collections in 0.000617 seconds
[2020.11.28-19.34.36:838][  0]LogFileCache: Scanning file cache for directory 'C:/Users/val/Desktop/Game Development/Projects/bork-3d/proj/Saved/Collections/' took 0.01s
[2020.11.28-19.34.36:838][  0]LogFileCache: Scanning file cache for directory 'C:/Users/val/Desktop/Game Development/Projects/bork-3d/proj/Content/Developers/val/Collections/' took 0.00s
[2020.11.28-19.34.36:838][  0]LogFileCache: Scanning file cache for directory 'C:/Users/val/Desktop/Game Development/Projects/bork-3d/proj/Content/Collections/' took 0.00s
[2020.11.28-19.34.36:838][  0]LogCollectionManager: Rebuilt the GUID cache for 0 collections in 0.000000 seconds
[2020.11.28-19.34.36:845][  0]LogContentBrowser: Native class hierarchy populated in 0.0070 seconds. Added 2722 classes and 648 folders.
[2020.11.28-19.34.36:849][  0]LogContentBrowser: Native class hierarchy updated for 'WidgetCarousel' in 0.0002 seconds. Added 0 classes and 0 folders.
[2020.11.28-19.34.36:850][  0]LogPakFile: Registered encryption key '00000000000000000000000000000000': 0 pak files mounted, 0 remain pending
[2020.11.28-19.34.36:850][  0]LogPakFile: Registered encryption key '00000000000000000000000000000000': 0 pak files mounted, 0 remain pending
[2020.11.28-19.34.36:850][  0]LogPakFile: Registered encryption key '00000000000000000000000000000000': 0 pak files mounted, 0 remain pending
[2020.11.28-19.34.36:851][  0]LogPakFile: Registered encryption key '00000000000000000000000000000000': 0 pak files mounted, 0 remain pending
[2020.11.28-19.34.36:851][  0]LogPakFile: Registered encryption key '00000000000000000000000000000000': 0 pak files mounted, 0 remain pending
[2020.11.28-19.34.36:851][  0]LogPakFile: Registered encryption key '00000000000000000000000000000000': 0 pak files mounted, 0 remain pending
[2020.11.28-19.34.36:852][  0]LogPakFile: Registered encryption key '00000000000000000000000000000000': 0 pak files mounted, 0 remain pending
[2020.11.28-19.34.36:852][  0]LogPakFile: Registered encryption key '00000000000000000000000000000000': 0 pak files mounted, 0 remain pending
[2020.11.28-19.34.36:852][  0]LogPakFile: Registered encryption key '00000000000000000000000000000000': 0 pak files mounted, 0 remain pending
[2020.11.28-19.34.36:853][  0]LogPakFile: Registered encryption key '00000000000000000000000000000000': 0 pak files mounted, 0 remain pending
[2020.11.28-19.34.36:853][  0]LogPakFile: Registered encryption key '00000000000000000000000000000000': 0 pak files mounted, 0 remain pending
[2020.11.28-19.34.36:853][  0]LogPakFile: Registered encryption key '00000000000000000000000000000000': 0 pak files mounted, 0 remain pending
[2020.11.28-19.34.36:854][  0]LogPakFile: Registered encryption key '00000000000000000000000000000000': 0 pak files mounted, 0 remain pending
[2020.11.28-19.34.36:854][  0]LogPakFile: Registered encryption key '00000000000000000000000000000000': 0 pak files mounted, 0 remain pending
[2020.11.28-19.34.36:854][  0]LogPakFile: Registered encryption key '00000000000000000000000000000000': 0 pak files mounted, 0 remain pending
[2020.11.28-19.34.36:855][  0]LogPakFile: Registered encryption key '00000000000000000000000000000000': 0 pak files mounted, 0 remain pending
[2020.11.28-19.34.36:855][  0]LogPakFile: Registered encryption key '00000000000000000000000000000000': 0 pak files mounted, 0 remain pending
[2020.11.28-19.34.36:855][  0]LogPakFile: Registered encryption key '00000000000000000000000000000000': 0 pak files mounted, 0 remain pending
[2020.11.28-19.34.36:856][  0]LogPakFile: Registered encryption key '00000000000000000000000000000000': 0 pak files mounted, 0 remain pending
[2020.11.28-19.34.36:856][  0]LogPakFile: Registered encryption key '00000000000000000000000000000000': 0 pak files mounted, 0 remain pending
[2020.11.28-19.34.36:856][  0]LogPakFile: Registered encryption key '00000000000000000000000000000000': 0 pak files mounted, 0 remain pending
[2020.11.28-19.34.36:857][  0]LogPakFile: Registered encryption key '00000000000000000000000000000000': 0 pak files mounted, 0 remain pending
[2020.11.28-19.34.36:857][  0]LogPakFile: Registered encryption key '00000000000000000000000000000000': 0 pak files mounted, 0 remain pending
[2020.11.28-19.34.36:857][  0]LogPakFile: Registered encryption key '00000000000000000000000000000000': 0 pak files mounted, 0 remain pending
[2020.11.28-19.34.36:858][  0]LogPakFile: Registered encryption key '00000000000000000000000000000000': 0 pak files mounted, 0 remain pending
[2020.11.28-19.34.36:858][  0]LogPakFile: Registered encryption key '00000000000000000000000000000000': 0 pak files mounted, 0 remain pending
[2020.11.28-19.34.36:874][  0]LogContentBrowser: Native class hierarchy updated for 'AddContentDialog' in 0.0002 seconds. Added 0 classes and 0 folders.
[2020.11.28-19.34.36:877][  0]LogContentBrowser: Native class hierarchy updated for 'SceneOutliner' in 0.0002 seconds. Added 1 classes and 2 folders.
[2020.11.28-19.34.36:933][  0]LogSlate: Took 0.000104 seconds to synchronously load lazily loaded font '../../../Engine/Content/Slate/Fonts/Roboto-Regular.ttf' (155K)
[2020.11.28-19.34.36:934][  0]LogSlate: Took 0.000091 seconds to synchronously load lazily loaded font '../../../Engine/Content/Slate/Fonts/Roboto-Bold.ttf' (160K)
[2020.11.28-19.34.36:938][  0]LogSlate: Took 0.000124 seconds to synchronously load lazily loaded font '../../../Engine/Content/Editor/Slate/Fonts/FontAwesome.ttf' (139K)
[2020.11.28-19.34.36:986][  0]LogRenderer: Reallocating scene render targets to support 1056x572 Format 10 NumSamples 1 (Frame:1).
[2020.11.28-19.34.37:029][  0]LogSlate: Took 0.000110 seconds to synchronously load lazily loaded font '../../../Engine/Content/Slate/Fonts/Roboto-Light.ttf' (167K)
[2020.11.28-19.34.37:105][  0]LogContentBrowser: Native class hierarchy updated for 'HierarchicalLODOutliner' in 0.0003 seconds. Added 0 classes and 0 folders.
[2020.11.28-19.34.37:105][  0]LogLoad: (Engine Initialization) Total time: 5.98 seconds
[2020.11.28-19.34.37:105][  0]LogLoad: (Engine Initialization) Total Blueprint compile time: 0.00 seconds
[2020.11.28-19.34.37:140][  0]LogAssetRegistry: Asset discovery search completed in 3.0847 seconds
[2020.11.28-19.34.37:141][  0]LogCollectionManager: Rebuilt the object cache for 0 collections in 0.000000 seconds (found 0 objects)
[2020.11.28-19.34.37:141][  0]LogCollectionManager: Fixed up redirectors for 0 collections in 0.000029 seconds (updated 0 objects)
[2020.11.28-19.34.37:142][  0]LogContentStreaming: Texture pool size now 1000 MB
[2020.11.28-19.34.44:555][881]LogSlate: FSceneViewport::OnFocusLost() reason 0
[2020.11.28-19.34.44:654][893]LogSlate: Window 'Plugins' being destroyed
[2020.11.28-19.34.44:657][893]LogSlate: Window 'Plugins' being destroyed
[2020.11.28-19.34.44:657][893]LogDirectoryWatcher: A directory notification for '../../../Engine/Plugins/' was aborted.
[2020.11.28-19.34.46:587][125]LogSlate: FSceneViewport::OnFocusLost() reason 0
[2020.11.28-19.51.50:953][764]Candidate modules for hot reload:
[2020.11.28-19.51.50:953][764]  BullCowGame
[2020.11.28-19.51.50:953][764]Launching UnrealBuildTool... [C:/Program Files/Epic Games/UE_4.22/Engine/Binaries/DotNET/UnrealBuildTool.exe  -ModuleWithSuffix=BullCowGame,1812 Win64 Development -TargetType=Editor -Project="C:/Users/val/Desktop/Game Development/Projects/bork-3d/proj/BullCowGame.uproject" "C:/Users/val/Desktop/Game Development/Projects/bork-3d/proj/BullCowGame.uproject"  -IgnoreJunk]
[2020.11.28-19.51.50:955][764]Warning: Starting HotReload took  0.0s.
[2020.11.28-19.52.33:112][844]CompilerResultsLog: New page: Compilation - Nov 28, 2020, 3:52:33 AM
[2020.11.28-19.52.33:112][844]CompilerResultsLog: Using 'git status' to determine working set for adaptive non-unity build (C:\Users\val\Desktop\Game Development\Projects\bork-3d).
[2020.11.28-19.52.33:112][844]CompilerResultsLog: Creating makefile for BullCowGameEditor (no existing makefile)
[2020.11.28-19.52.33:112][844]CompilerResultsLog: Parsing headers for BullCowGameEditor
[2020.11.28-19.52.33:112][844]CompilerResultsLog:   Running UnrealHeaderTool "C:\Users\val\Desktop\Game Development\Projects\bork-3d\proj\BullCowGame.uproject" "C:\Users\val\Desktop\Game Development\Projects\bork-3d\proj\Intermediate\Build\Win64\BullCowGameEditor\Development\BullCowGameEditor.uhtmanifest" -LogCmds="loginit warning, logexit warning, logdatabase error" -Unattended -WarningsAsErrors -installed
[2020.11.28-19.52.33:112][844]CompilerResultsLog: Reflection code generated for BullCowGameEditor in 20.2620475 seconds
[2020.11.28-19.52.33:112][844]CompilerResultsLog: Using Visual Studio 2019 14.28.29333 toolchain (C:\Program Files (x86)\Microsoft Visual Studio\2019\Community\VC\Tools\MSVC\14.28.29333) and Windows 10.0.18362.0 SDK (C:\Program Files (x86)\Windows Kits\10).
[2020.11.28-19.52.33:112][844]CompilerResultsLog: Building 14 actions with 8 processes...
[2020.11.28-19.52.33:112][844]CompilerResultsLog:   [1/14] SharedPCH.Engine.cpp
[2020.11.28-19.52.33:112][844]CompilerResultsLog:   [2/14] BullCowGame.init.gen.cpp
[2020.11.28-19.52.33:112][844]CompilerResultsLog:   [3/14] BullCowGame.cpp
[2020.11.28-19.52.33:112][844]CompilerResultsLog:   [4/14] BullCowCartridge.cpp
[2020.11.28-19.52.33:112][844]CompilerResultsLog:   [5/14] Cartridge.gen.cpp
[2020.11.28-19.52.33:112][844]CompilerResultsLog:   [6/14] BullCowGameGameModeBase.cpp
[2020.11.28-19.52.33:112][844]CompilerResultsLog:   [7/14] BullCowCartridge.gen.cpp
[2020.11.28-19.52.33:112][844]CompilerResultsLog:   [8/14] BullCowGameGameModeBase.gen.cpp
[2020.11.28-19.52.33:112][844]CompilerResultsLog:   [9/14] Cartridge.cpp
[2020.11.28-19.52.33:112][844]CompilerResultsLog:   [10/14] Terminal.gen.cpp
[2020.11.28-19.52.33:112][844]CompilerResultsLog:   [11/14] Terminal.cpp
[2020.11.28-19.52.33:112][844]CompilerResultsLog:   [12/14] UE4Editor-BullCowGame-1812.lib
[2020.11.28-19.52.33:112][844]CompilerResultsLog:      Creating library C:\Users\val\Desktop\Game Development\Projects\bork-3d\proj\Intermediate\Build\Win64\UE4Editor\Development\BullCowGame\UE4Editor-BullCowGame-1812.lib and object C:\Users\val\Desktop\Game Development\Projects\bork-3d\proj\Intermediate\Build\Win64\UE4Editor\Development\BullCowGame\UE4Editor-BullCowGame-1812.exp
[2020.11.28-19.52.33:112][844]CompilerResultsLog:   [13/14] UE4Editor-BullCowGame-1812.dll
[2020.11.28-19.52.33:112][844]CompilerResultsLog:      Creating library C:\Users\val\Desktop\Game Development\Projects\bork-3d\proj\Intermediate\Build\Win64\UE4Editor\Development\BullCowGame\UE4Editor-BullCowGame-1812.suppressed.lib and object C:\Users\val\Desktop\Game Development\Projects\bork-3d\proj\Intermediate\Build\Win64\UE4Editor\Development\BullCowGame\UE4Editor-BullCowGame-1812.suppressed.exp
[2020.11.28-19.52.33:112][844]CompilerResultsLog:   [14/14] BullCowGameEditor.target
[2020.11.28-19.52.33:112][844]CompilerResultsLog: Total time in Parallel executor: 19.21 seconds
[2020.11.28-19.52.33:112][844]CompilerResultsLog: Total execution time: 41.83 seconds
[2020.11.28-19.52.33:112][844]LogMainFrame: MainFrame: Module compiling took 42.163 seconds
[2020.11.28-19.52.33:130][844]LogUObjectHash: Compacting FUObjectHashTables data took   0.57ms
[2020.11.28-19.52.33:147][844]LogContentBrowser: Native class hierarchy updated for 'BullCowGame' in 0.0003 seconds. Added 4 classes and 3 folders.
[2020.11.28-19.52.33:149][844]Display: HotReload successful (3 functions remapped  0 scriptstructs remapped)
[2020.11.28-19.52.33:255][844]LogUObjectHash: Compacting FUObjectHashTables data took   0.85ms
[2020.11.28-19.52.33:268][844]LogContentBrowser: Native class hierarchy populated in 0.0097 seconds. Added 2723 classes and 650 folders.
[2020.11.28-19.52.33:272][844]Display: HotReload took 42.4s.
[2020.11.28-19.52.42:896][ 45]LogTemp: Repeating last play command: Selected Viewport
[2020.11.28-19.52.42:909][ 45]LogBlueprintUserMessages: Early PlayInEditor Detection: Level '/Game/Levels/Level1.Level1:PersistentLevel' has LevelScriptBlueprint '/Game/Levels/Level1.Level1:PersistentLevel.Level1' with GeneratedClass '/Game/Levels/Level1.Level1_C' with ClassGeneratedBy '/Game/Levels/Level1.Level1:PersistentLevel.Level1'
[2020.11.28-19.52.42:914][ 45]LogPlayLevel: PlayLevel: No blueprints needed recompiling
[2020.11.28-19.52.42:914][ 45]PIE: New page: PIE session: Level1 (Nov 28, 2020, 3:52:42 AM)
[2020.11.28-19.52.42:926][ 45]LogPlayLevel: Creating play world package: /Game/Levels/UEDPIE_0_Level1
[2020.11.28-19.52.42:960][ 45]LogPlayLevel: PIE: StaticDuplicateObject took: (0.033081s)
[2020.11.28-19.52.42:960][ 45]LogAIModule: Creating AISystem for world Level1
[2020.11.28-19.52.42:960][ 45]LogPlayLevel: PIE: World Init took: (0.000595s)
[2020.11.28-19.52.42:960][ 45]LogPlayLevel: PIE: Created PIE world by copying editor world from /Game/Levels/Level1.Level1 to /Game/Levels/UEDPIE_0_Level1.Level1 (0.033922s)
[2020.11.28-19.52.42:977][ 45]LogUObjectHash: Compacting FUObjectHashTables data took   0.79ms
[2020.11.28-19.52.43:006][ 45]LogInit: XAudio2 using 'Speakers / Headphones (Realtek Audio)' : 2 channels at 48 kHz using 32 bits per sample (channel mask 0x3)
[2020.11.28-19.52.43:021][ 45]LogInit: FAudioDevice initialized.
[2020.11.28-19.52.43:062][ 45]LogLoad: Game class is 'GameModeBase'
[2020.11.28-19.52.43:065][ 45]LogWorld: Bringing World /Game/Levels/UEDPIE_0_Level1.Level1 up for play (max tick rate 0) at 2020.11.28-11.52.43
[2020.11.28-19.52.43:067][ 45]LogWorld: Bringing up level for play took: 0.003842
[2020.11.28-19.52.43:140][ 45]LogContentBrowser: Native class hierarchy updated for 'MovieSceneCapture' in 0.0004 seconds. Added 20 classes and 0 folders.
[2020.11.28-19.52.43:142][ 45]PIE: Play in editor start time for /Game/Levels/UEDPIE_0_Level1 0.938
[2020.11.28-19.52.43:142][ 45]LogBlueprintUserMessages: Late PlayInEditor Detection: Level '/Game/Levels/Level1.Level1:PersistentLevel' has LevelScriptBlueprint '/Game/Levels/Level1.Level1:PersistentLevel.Level1' with GeneratedClass '/Game/Levels/Level1.Level1_C' with ClassGeneratedBy '/Game/Levels/Level1.Level1:PersistentLevel.Level1'
[2020.11.28-19.52.47:787][600]LogBlueprintUserMessages: Early EndPlayMap Detection: Level '/Game/Levels/Level1.Level1:PersistentLevel' has LevelScriptBlueprint '/Game/Levels/Level1.Level1:PersistentLevel.Level1' with GeneratedClass '/Game/Levels/Level1.Level1_C' with ClassGeneratedBy '/Game/Levels/Level1.Level1:PersistentLevel.Level1'
[2020.11.28-19.52.47:811][600]LogSlate: Updating window title bar state: overlay mode, drag disabled, window buttons hidden, title bar hidden
[2020.11.28-19.52.47:839][600]LogPlayLevel: Display: Shutting down PIE online subsystems
[2020.11.28-19.52.47:839][600]LogBlueprintUserMessages: Late EndPlayMap Detection: Level '/Game/Levels/Level1.Level1:PersistentLevel' has LevelScriptBlueprint '/Game/Levels/Level1.Level1:PersistentLevel.Level1' with GeneratedClass '/Game/Levels/Level1.Level1_C' with ClassGeneratedBy '/Game/Levels/Level1.Level1:PersistentLevel.Level1'
[2020.11.28-19.52.47:860][600]LogSlate: Updating window title bar state: overlay mode, drag disabled, window buttons hidden, title bar hidden
[2020.11.28-19.52.47:863][600]LogUObjectHash: Compacting FUObjectHashTables data took   1.22ms
[2020.11.28-19.52.47:890][603]LogPlayLevel: Display: Destroying online subsystem :Context_2
[2020.11.28-19.52.54:670][404]LogSlate: Took 0.028407 seconds to synchronously load lazily loaded font '../../../Engine/Content/Slate/Fonts/Roboto-Italic.ttf' (157K)
[2020.11.28-19.53.20:649][488]LogRenderer: Reallocating scene render targets to support 1060x572 Format 10 NumSamples 1 (Frame:8875).
[2020.11.28-19.53.22:620][719]Candidate modules for hot reload:
[2020.11.28-19.53.22:620][719]  BullCowGame
[2020.11.28-19.53.22:620][719]Launching UnrealBuildTool... [C:/Program Files/Epic Games/UE_4.22/Engine/Binaries/DotNET/UnrealBuildTool.exe  -ModuleWithSuffix=BullCowGame,2090 Win64 Development -TargetType=Editor -Project="C:/Users/val/Desktop/Game Development/Projects/bork-3d/proj/BullCowGame.uproject" "C:/Users/val/Desktop/Game Development/Projects/bork-3d/proj/BullCowGame.uproject"  -IgnoreJunk]
[2020.11.28-19.53.22:622][719]Warning: Starting HotReload took  0.0s.
[2020.11.28-19.53.30:388][642]CompilerResultsLog: New page: Compilation - Nov 28, 2020, 3:53:30 AM
[2020.11.28-19.53.30:388][642]CompilerResultsLog: Using 'git status' to determine working set for adaptive non-unity build (C:\Users\val\Desktop\Game Development\Projects\bork-3d).
[2020.11.28-19.53.30:388][642]CompilerResultsLog: Creating makefile for BullCowGameEditor (ini files are newer than makefile)
[2020.11.28-19.53.30:388][642]CompilerResultsLog: Parsing headers for BullCowGameEditor
[2020.11.28-19.53.30:388][642]CompilerResultsLog:   Running UnrealHeaderTool "C:\Users\val\Desktop\Game Development\Projects\bork-3d\proj\BullCowGame.uproject" "C:\Users\val\Desktop\Game Development\Projects\bork-3d\proj\Intermediate\Build\Win64\BullCowGameEditor\Development\BullCowGameEditor.uhtmanifest" -LogCmds="loginit warning, logexit warning, logdatabase error" -Unattended -WarningsAsErrors -installed
[2020.11.28-19.53.30:388][642]CompilerResultsLog: Reflection code generated for BullCowGameEditor in 5.102165 seconds
[2020.11.28-19.53.30:388][642]CompilerResultsLog: Using Visual Studio 2019 14.28.29333 toolchain (C:\Program Files (x86)\Microsoft Visual Studio\2019\Community\VC\Tools\MSVC\14.28.29333) and Windows 10.0.18362.0 SDK (C:\Program Files (x86)\Windows Kits\10).
[2020.11.28-19.53.30:388][642]CompilerResultsLog: Building 3 actions with 8 processes...
[2020.11.28-19.53.30:388][642]CompilerResultsLog:   [1/3] UE4Editor-BullCowGame-2090.lib
[2020.11.28-19.53.30:388][642]CompilerResultsLog:      Creating library C:\Users\val\Desktop\Game Development\Projects\bork-3d\proj\Intermediate\Build\Win64\UE4Editor\Development\BullCowGame\UE4Editor-BullCowGame-2090.lib and object C:\Users\val\Desktop\Game Development\Projects\bork-3d\proj\Intermediate\Build\Win64\UE4Editor\Development\BullCowGame\UE4Editor-BullCowGame-2090.exp
[2020.11.28-19.53.30:388][642]CompilerResultsLog:   [2/3] UE4Editor-BullCowGame-2090.dll
[2020.11.28-19.53.30:388][642]CompilerResultsLog:      Creating library C:\Users\val\Desktop\Game Development\Projects\bork-3d\proj\Intermediate\Build\Win64\UE4Editor\Development\BullCowGame\UE4Editor-BullCowGame-2090.suppressed.lib and object C:\Users\val\Desktop\Game Development\Projects\bork-3d\proj\Intermediate\Build\Win64\UE4Editor\Development\BullCowGame\UE4Editor-BullCowGame-2090.suppressed.exp
[2020.11.28-19.53.30:388][642]CompilerResultsLog:   [3/3] BullCowGameEditor.target
[2020.11.28-19.53.30:388][642]CompilerResultsLog: Total time in Parallel executor: 0.88 seconds
[2020.11.28-19.53.30:388][642]CompilerResultsLog: Total execution time: 7.69 seconds
[2020.11.28-19.53.30:388][642]LogMainFrame: MainFrame: Module compiling took 7.771 seconds
[2020.11.28-19.53.30:407][642]LogUObjectHash: Compacting FUObjectHashTables data took   1.25ms
[2020.11.28-19.53.30:427][642]LogContentBrowser: Native class hierarchy updated for 'BullCowGame' in 0.0003 seconds. Added 4 classes and 3 folders.
[2020.11.28-19.53.30:429][642]Display: HotReload successful (3 functions remapped  0 scriptstructs remapped)
[2020.11.28-19.53.30:466][642]LogUObjectHash: Compacting FUObjectHashTables data took   0.79ms
[2020.11.28-19.53.30:476][642]LogContentBrowser: Native class hierarchy populated in 0.0064 seconds. Added 2723 classes and 650 folders.
[2020.11.28-19.53.30:476][642]Display: HotReload took  7.9s.
[2020.11.28-19.53.36:155][323]LogTemp: Repeating last play command: Selected Viewport
[2020.11.28-19.53.36:166][323]LogBlueprintUserMessages: Early PlayInEditor Detection: Level '/Game/Levels/Level1.Level1:PersistentLevel' has LevelScriptBlueprint '/Game/Levels/Level1.Level1:PersistentLevel.Level1' with GeneratedClass '/Game/Levels/Level1.Level1_C' with ClassGeneratedBy '/Game/Levels/Level1.Level1:PersistentLevel.Level1'
[2020.11.28-19.53.36:166][323]LogPlayLevel: PlayLevel: No blueprints needed recompiling
[2020.11.28-19.53.36:166][323]PIE: New page: PIE session: Level1 (Nov 28, 2020, 3:53:36 AM)
[2020.11.28-19.53.36:166][323]LogPlayLevel: Creating play world package: /Game/Levels/UEDPIE_0_Level1
[2020.11.28-19.53.36:202][323]LogPlayLevel: PIE: StaticDuplicateObject took: (0.035681s)
[2020.11.28-19.53.36:202][323]LogAIModule: Creating AISystem for world Level1
[2020.11.28-19.53.36:226][323]LogPlayLevel: PIE: World Init took: (0.024262s)
[2020.11.28-19.53.36:226][323]LogPlayLevel: PIE: Created PIE world by copying editor world from /Game/Levels/Level1.Level1 to /Game/Levels/UEDPIE_0_Level1.Level1 (0.060069s)
[2020.11.28-19.53.36:244][323]LogUObjectHash: Compacting FUObjectHashTables data took   0.79ms
[2020.11.28-19.53.36:270][323]LogInit: XAudio2 using 'Speakers / Headphones (Realtek Audio)' : 2 channels at 48 kHz using 32 bits per sample (channel mask 0x3)
[2020.11.28-19.53.36:283][323]LogInit: FAudioDevice initialized.
[2020.11.28-19.53.36:310][323]LogLoad: Game class is 'GameModeBase'
[2020.11.28-19.53.36:312][323]LogWorld: Bringing World /Game/Levels/UEDPIE_0_Level1.Level1 up for play (max tick rate 0) at 2020.11.28-11.53.36
[2020.11.28-19.53.36:313][323]LogWorld: Bringing up level for play took: 0.002373
[2020.11.28-19.53.36:325][323]PIE: Play in editor start time for /Game/Levels/UEDPIE_0_Level1 0.121
[2020.11.28-19.53.36:325][323]LogBlueprintUserMessages: Late PlayInEditor Detection: Level '/Game/Levels/Level1.Level1:PersistentLevel' has LevelScriptBlueprint '/Game/Levels/Level1.Level1:PersistentLevel.Level1' with GeneratedClass '/Game/Levels/Level1.Level1_C' with ClassGeneratedBy '/Game/Levels/Level1.Level1:PersistentLevel.Level1'
[2020.11.28-19.53.57:459][852]LogBlueprintUserMessages: Early EndPlayMap Detection: Level '/Game/Levels/Level1.Level1:PersistentLevel' has LevelScriptBlueprint '/Game/Levels/Level1.Level1:PersistentLevel.Level1' with GeneratedClass '/Game/Levels/Level1.Level1_C' with ClassGeneratedBy '/Game/Levels/Level1.Level1:PersistentLevel.Level1'
[2020.11.28-19.53.57:460][852]LogSlate: Updating window title bar state: overlay mode, drag disabled, window buttons hidden, title bar hidden
[2020.11.28-19.53.57:487][852]LogPlayLevel: Display: Shutting down PIE online subsystems
[2020.11.28-19.53.57:487][852]LogBlueprintUserMessages: Late EndPlayMap Detection: Level '/Game/Levels/Level1.Level1:PersistentLevel' has LevelScriptBlueprint '/Game/Levels/Level1.Level1:PersistentLevel.Level1' with GeneratedClass '/Game/Levels/Level1.Level1_C' with ClassGeneratedBy '/Game/Levels/Level1.Level1:PersistentLevel.Level1'
[2020.11.28-19.53.57:506][852]LogSlate: Updating window title bar state: overlay mode, drag disabled, window buttons hidden, title bar hidden
[2020.11.28-19.53.57:508][852]LogUObjectHash: Compacting FUObjectHashTables data took   0.80ms
[2020.11.28-19.53.57:563][854]LogPlayLevel: Display: Destroying online subsystem :Context_3
[2020.11.28-19.54.20:319][826]LogSlate: Took 0.000130 seconds to synchronously load lazily loaded font '../../../Engine/Content/Slate/Fonts/Roboto-Light.ttf' (167K)
[2020.11.28-19.54.29:024][852]LogUObjectHash: Compacting FUObjectHashTables data took   0.59ms
[2020.11.28-19.54.29:293][852]LogSavePackage: Moving '../../../../../../Users/val/Desktop/Game Development/Projects/bork-3d/proj/Saved/Level1_Auto1B579ED4B4CC6B2A00E6EE08BDB9EBB84.tmp' to '../../../../../../Users/val/Desktop/Game Development/Projects/bork-3d/proj/Saved/Autosaves/Game/Levels/Level1_Auto1.umap'
[2020.11.28-19.54.29:299][852]LogFileHelpers: Editor autosave (incl. sublevels) for '/Game/Levels/Level1' took 0.295
[2020.11.28-19.54.29:299][852]LogFileHelpers: Editor autosave (incl. sublevels) for all levels took 0.295
[2020.11.28-20.03.14:971][602]LogSlate: FSceneViewport::OnFocusLost() reason 0
[2020.11.28-20.03.15:108][617]Candidate modules for hot reload:
[2020.11.28-20.03.15:108][617]  BullCowGame
[2020.11.28-20.03.15:108][617]Launching UnrealBuildTool... [C:/Program Files/Epic Games/UE_4.22/Engine/Binaries/DotNET/UnrealBuildTool.exe  -ModuleWithSuffix=BullCowGame,8838 Win64 Development -TargetType=Editor -Project="C:/Users/val/Desktop/Game Development/Projects/bork-3d/proj/BullCowGame.uproject" "C:/Users/val/Desktop/Game Development/Projects/bork-3d/proj/BullCowGame.uproject"  -IgnoreJunk]
[2020.11.28-20.03.15:110][617]Warning: Starting HotReload took  0.0s.
[2020.11.28-20.03.23:681][637]CompilerResultsLog: New page: Compilation - Nov 28, 2020, 4:03:23 AM
[2020.11.28-20.03.23:681][637]CompilerResultsLog: Using 'git status' to determine working set for adaptive non-unity build (C:\Users\val\Desktop\Game Development\Projects\bork-3d).
[2020.11.28-20.03.23:681][637]CompilerResultsLog: Creating makefile for BullCowGameEditor (ini files are newer than makefile)
[2020.11.28-20.03.23:681][637]CompilerResultsLog: Parsing headers for BullCowGameEditor
[2020.11.28-20.03.23:681][637]CompilerResultsLog:   Running UnrealHeaderTool "C:\Users\val\Desktop\Game Development\Projects\bork-3d\proj\BullCowGame.uproject" "C:\Users\val\Desktop\Game Development\Projects\bork-3d\proj\Intermediate\Build\Win64\BullCowGameEditor\Development\BullCowGameEditor.uhtmanifest" -LogCmds="loginit warning, logexit warning, logdatabase error" -Unattended -WarningsAsErrors -installed
[2020.11.28-20.03.23:681][637]CompilerResultsLog: Reflection code generated for BullCowGameEditor in 5.2593111 seconds
[2020.11.28-20.03.23:681][637]CompilerResultsLog: Using Visual Studio 2019 14.28.29333 toolchain (C:\Program Files (x86)\Microsoft Visual Studio\2019\Community\VC\Tools\MSVC\14.28.29333) and Windows 10.0.18362.0 SDK (C:\Program Files (x86)\Windows Kits\10).
[2020.11.28-20.03.23:681][637]CompilerResultsLog: Building 4 actions with 8 processes...
[2020.11.28-20.03.23:681][637]CompilerResultsLog:   [1/4] BullCowCartridge.cpp
[2020.11.28-20.03.23:681][637]CompilerResultsLog:   [2/4] UE4Editor-BullCowGame-8838.lib
[2020.11.28-20.03.23:681][637]CompilerResultsLog:      Creating library C:\Users\val\Desktop\Game Development\Projects\bork-3d\proj\Intermediate\Build\Win64\UE4Editor\Development\BullCowGame\UE4Editor-BullCowGame-8838.lib and object C:\Users\val\Desktop\Game Development\Projects\bork-3d\proj\Intermediate\Build\Win64\UE4Editor\Development\BullCowGame\UE4Editor-BullCowGame-8838.exp
[2020.11.28-20.03.23:681][637]CompilerResultsLog:   [3/4] UE4Editor-BullCowGame-8838.dll
[2020.11.28-20.03.23:681][637]CompilerResultsLog:      Creating library C:\Users\val\Desktop\Game Development\Projects\bork-3d\proj\Intermediate\Build\Win64\UE4Editor\Development\BullCowGame\UE4Editor-BullCowGame-8838.suppressed.lib and object C:\Users\val\Desktop\Game Development\Projects\bork-3d\proj\Intermediate\Build\Win64\UE4Editor\Development\BullCowGame\UE4Editor-BullCowGame-8838.suppressed.exp
[2020.11.28-20.03.23:681][637]CompilerResultsLog:   [4/4] BullCowGameEditor.target
[2020.11.28-20.03.23:681][637]CompilerResultsLog: Total time in Parallel executor: 1.37 seconds
[2020.11.28-20.03.23:681][637]CompilerResultsLog: Total execution time: 8.48 seconds
[2020.11.28-20.03.23:681][637]LogMainFrame: MainFrame: Module compiling took 8.577 seconds
[2020.11.28-20.03.23:700][637]LogUObjectHash: Compacting FUObjectHashTables data took   1.64ms
[2020.11.28-20.03.23:717][637]LogContentBrowser: Native class hierarchy updated for 'BullCowGame' in 0.0004 seconds. Added 4 classes and 3 folders.
[2020.11.28-20.03.23:719][637]Display: HotReload successful (3 functions remapped  0 scriptstructs remapped)
[2020.11.28-20.03.23:756][637]LogUObjectHash: Compacting FUObjectHashTables data took   0.77ms
[2020.11.28-20.03.23:766][637]LogContentBrowser: Native class hierarchy populated in 0.0068 seconds. Added 2723 classes and 650 folders.
[2020.11.28-20.03.23:766][637]Display: HotReload took  8.7s.
[2020.11.28-20.03.25:129][796]Cmd: OBJ SAVEPACKAGE PACKAGE="/Game/Levels/Level1" FILE="../../../../../../Users/val/Desktop/Game Development/Projects/bork-3d/proj/Content/Levels/Level1.umap" SILENT=true AUTOSAVING=false KEEPDIRTY=false
[2020.11.28-20.03.25:147][796]LogUObjectHash: Compacting FUObjectHashTables data took   0.47ms
[2020.11.28-20.03.25:375][796]LogSavePackage: Moving '../../../../../../Users/val/Desktop/Game Development/Projects/bork-3d/proj/Saved/Level127E4014048B7F3910E8E448CF5108AD1.tmp' to '../../../../../../Users/val/Desktop/Game Development/Projects/bork-3d/proj/Content/Levels/Level1.umap'
[2020.11.28-20.03.25:396][796]Cmd: OBJ SAVEPACKAGE PACKAGE="/Game/Levels/Level1_BuiltData" FILE="../../../../../../Users/val/Desktop/Game Development/Projects/bork-3d/proj/Content/Levels/Level1_BuiltData.uasset" SILENT=true
[2020.11.28-20.03.25:455][796]LogSavePackage: Moving '../../../../../../Users/val/Desktop/Game Development/Projects/bork-3d/proj/Saved/Level1_BuiltData58A7A35747B41BE2F3CE3A97717C970A.tmp' to '../../../../../../Users/val/Desktop/Game Development/Projects/bork-3d/proj/Content/Levels/Level1_BuiltData.uasset'
